10715086071862673209484250490600018105614048117055336074437503883703510511249361224931983788156958581275946729175531468251871452856923140435984577574698574803934567774824230985421074605062371141877954182153046474983581941267398767559165543946077062914571196477686542167660429831652624386837205668069376
4.294967296
1
BCD
ABC
B
{1; 2; 3}
{1; 2; 3; 3.141592653589793; 4}
95
3.14159265 3.14159265
3.71828183 1.71828183 -2.71828183 7.38905610 1
1.41421356
2.00000000
3 3 4
0.14159265 62831853 20000000
2.00000000 1.00000000
0.00000000 -1.00000000 0.00000000
1.00000000 0.00000000 1.00000000
3.14159265
30.00000000
ha ha
hahaha
abc
ABC
{[1]: "Now"; [2]: "is"; [3]: "the"; [4]: "time"}
3 {"of"; "or"; "van"}
0 1
vanvanbestelwagenof
bestelwagen
of
[.         ]
[    .     ]
[         .]
{" "; "!"; """"; "#"; "$"; "%"; "&"; "'"; "("; ")"; "*"; "+"; ","; "-"; "."; "/"; "0"; "1"; "2"; "3"; "4"; "5"; "6"; "7"; "8"; "9"; ":"; ";"; "<"; "="; ">"; "?"; "@"; "A"; "B"; "C"; "D"; "E"; "F"; "G"; "H"; "I"; "J"; "K"; "L"; "M"; "N"; "O"; "P"; "Q"; "R"; "S"; "T"; "U"; "V"; "W"; "X"; "Y"; "Z"; "["; "\"; "]"; "^"; "_"; "``"; "a"; "b"; "c"; "d"; "e"; "f"; "g"; "h"; "i"; "j"; "k"; "l"; "m"; "n"; "o"; "p"; "q"; "r"; "s"; "t"; "u"; "v"; "w"; "x"; "y"; "z"; "{"; "|"; "}"; "~"}
The End
