Creating Makefile for atari ... 
done
/ufs/frank/cross-gcc-atari/bin/cgcc -O -DNDEBUG -I../../bhdrs -I../../ehdrs -I../../btr -I../../ihdrs -I../../atari   -c ../../b/b1file.c -o b1file.o
/ufs/frank/cross-gcc-atari/bin/cgcc -O -DNDEBUG -I../../bhdrs -I../../ehdrs -I../../btr -I../../ihdrs -I../../atari   -c ../../b/b1grab.c -o b1grab.o
/ufs/frank/cross-gcc-atari/bin/cgcc -O -DNDEBUG -I../../bhdrs -I../../ehdrs -I../../btr -I../../ihdrs -I../../atari   -c ../../b/b1memo.c -o b1memo.o
/ufs/frank/cross-gcc-atari/bin/cgcc -O -DNDEBUG -I../../bhdrs -I../../ehdrs -I../../btr -I../../ihdrs -I../../atari   -c ../../b/b1mess.c -o b1mess.o
/ufs/frank/cross-gcc-atari/bin/cgcc -O -DNDEBUG -I../../bhdrs -I../../ehdrs -I../../btr -I../../ihdrs -I../../atari   -c ../../b/b1outp.c -o b1outp.o
/ufs/frank/cross-gcc-atari/bin/cgcc -O -DNDEBUG -I../../bhdrs -I../../ehdrs -I../../btr -I../../ihdrs -I../../atari   -c ../../b/getopt.c -o getopt.o
/ufs/frank/cross-gcc-atari/bin/cgcc -O -DNDEBUG -I../../bhdrs -I../../ehdrs -I../../btr -I../../ihdrs -I../../atari   -c ../../bed/e1cell.c -o e1cell.o
/ufs/frank/cross-gcc-atari/bin/cgcc -O -DNDEBUG -I../../bhdrs -I../../ehdrs -I../../btr -I../../ihdrs -I../../atari   -c ../../bed/e1code.c -o e1code.o
/ufs/frank/cross-gcc-atari/bin/cgcc -O -DNDEBUG -I../../bhdrs -I../../ehdrs -I../../btr -I../../ihdrs -I../../atari   -c ../../bed/e1comm.c -o e1comm.o
/ufs/frank/cross-gcc-atari/bin/cgcc -O -DNDEBUG -I../../bhdrs -I../../ehdrs -I../../btr -I../../ihdrs -I../../atari   -c ../../bed/e1deco.c -o e1deco.o
/ufs/frank/cross-gcc-atari/bin/cgcc -O -DNDEBUG -I../../bhdrs -I../../ehdrs -I../../btr -I../../ihdrs -I../../atari   -c ../../bed/e1edit.c -o e1edit.o
/ufs/frank/cross-gcc-atari/bin/cgcc -O -DNDEBUG -I../../bhdrs -I../../ehdrs -I../../btr -I../../ihdrs -I../../atari   -c ../../bed/e1edoc.c -o e1edoc.o
/ufs/frank/cross-gcc-atari/bin/cgcc -O -DNDEBUG -I../../bhdrs -I../../ehdrs -I../../btr -I../../ihdrs -I../../atari   -c ../../bed/e1erro.c -o e1erro.o
/ufs/frank/cross-gcc-atari/bin/cgcc -O -DNDEBUG -I../../bhdrs -I../../ehdrs -I../../btr -I../../ihdrs -I../../atari   -c ../../bed/e1eval.c -o e1eval.o
/ufs/frank/cross-gcc-atari/bin/cgcc -O -DNDEBUG -I../../bhdrs -I../../ehdrs -I../../btr -I../../ihdrs -I../../atari   -c ../../bed/e1getc.c -o e1getc.o
/ufs/frank/cross-gcc-atari/bin/cgcc -O -DNDEBUG -I../../bhdrs -I../../ehdrs -I../../btr -I../../ihdrs -I../../atari   -c ../../bed/e1goto.c -o e1goto.o
/ufs/frank/cross-gcc-atari/bin/cgcc -O -DNDEBUG -I../../bhdrs -I../../ehdrs -I../../btr -I../../ihdrs -I../../atari   -c ../../bed/e1gram.c -o e1gram.o
/ufs/frank/cross-gcc-atari/bin/cgcc -O -DNDEBUG -I../../bhdrs -I../../ehdrs -I../../btr -I../../ihdrs -I../../atari   -c ../../bed/e1help.c -o e1help.o
/ufs/frank/cross-gcc-atari/bin/cgcc -O -DNDEBUG -I../../bhdrs -I../../ehdrs -I../../btr -I../../ihdrs -I../../atari   -c ../../bed/e1ins2.c -o e1ins2.o
/ufs/frank/cross-gcc-atari/bin/cgcc -O -DNDEBUG -I../../bhdrs -I../../ehdrs -I../../btr -I../../ihdrs -I../../atari   -c ../../bed/e1inse.c -o e1inse.o
/ufs/frank/cross-gcc-atari/bin/cgcc -O -DNDEBUG -I../../bhdrs -I../../ehdrs -I../../btr -I../../ihdrs -I../../atari   -c ../../bed/e1lexi.c -o e1lexi.o
/ufs/frank/cross-gcc-atari/bin/cgcc -O -DNDEBUG -I../../bhdrs -I../../ehdrs -I../../btr -I../../ihdrs -I../../atari   -c ../../bed/e1line.c -o e1line.o
/ufs/frank/cross-gcc-atari/bin/cgcc -O -DNDEBUG -I../../bhdrs -I../../ehdrs -I../../btr -I../../ihdrs -I../../atari   -c ../../bed/e1move.c -o e1move.o
/ufs/frank/cross-gcc-atari/bin/cgcc -O -DNDEBUG -I../../bhdrs -I../../ehdrs -I../../btr -I../../ihdrs -I../../atari   -c ../../bed/e1node.c -o e1node.o
/ufs/frank/cross-gcc-atari/bin/cgcc -O -DNDEBUG -I../../bhdrs -I../../ehdrs -I../../btr -I../../ihdrs -I../../atari   -c ../../bed/e1outp.c -o e1outp.o
/ufs/frank/cross-gcc-atari/bin/cgcc -O -DNDEBUG -I../../bhdrs -I../../ehdrs -I../../btr -I../../ihdrs -I../../atari   -c ../../bed/e1que1.c -o e1que1.o
/ufs/frank/cross-gcc-atari/bin/cgcc -O -DNDEBUG -I../../bhdrs -I../../ehdrs -I../../btr -I../../ihdrs -I../../atari   -c ../../bed/e1que2.c -o e1que2.o
/ufs/frank/cross-gcc-atari/bin/cgcc -O -DNDEBUG -I../../bhdrs -I../../ehdrs -I../../btr -I../../ihdrs -I../../atari   -c ../../bed/e1save.c -o e1save.o
/ufs/frank/cross-gcc-atari/bin/cgcc -O -DNDEBUG -I../../bhdrs -I../../ehdrs -I../../btr -I../../ihdrs -I../../atari   -c ../../bed/e1scrn.c -o e1scrn.o
/ufs/frank/cross-gcc-atari/bin/cgcc -O -DNDEBUG -I../../bhdrs -I../../ehdrs -I../../btr -I../../ihdrs -I../../atari   -c ../../bed/e1spos.c -o e1spos.o
/ufs/frank/cross-gcc-atari/bin/cgcc -O -DNDEBUG -I../../bhdrs -I../../ehdrs -I../../btr -I../../ihdrs -I../../atari   -c ../../bed/e1sugg.c -o e1sugg.o
/ufs/frank/cross-gcc-atari/bin/cgcc -O -DNDEBUG -I../../bhdrs -I../../ehdrs -I../../btr -I../../ihdrs -I../../atari   -c ../../bed/e1supr.c -o e1supr.o
/ufs/frank/cross-gcc-atari/bin/cgcc -O -DNDEBUG -I../../bhdrs -I../../ehdrs -I../../btr -I../../ihdrs -I../../atari   -c ../../bed/e1tabl.c -o e1tabl.o
/ufs/frank/cross-gcc-atari/bin/cgcc -O -DNDEBUG -I../../bhdrs -I../../ehdrs -I../../btr -I../../ihdrs -I../../atari   -c ../../bed/e1wide.c -o e1wide.o
/ufs/frank/cross-gcc-atari/bin/cgcc -O -DNDEBUG -I../../bhdrs -I../../ehdrs -I../../btr -I../../ihdrs -I../../atari   -c ../../bint1/i1com.c -o i1com.o
/ufs/frank/cross-gcc-atari/bin/cgcc -O -DNDEBUG -I../../bhdrs -I../../ehdrs -I../../btr -I../../ihdrs -I../../atari   -c ../../bint1/i1fun.c -o i1fun.o
/ufs/frank/cross-gcc-atari/bin/cgcc -O -DNDEBUG -I../../bhdrs -I../../ehdrs -I../../btr -I../../ihdrs -I../../atari   -c ../../bint1/i1nua.c -o i1nua.o
/ufs/frank/cross-gcc-atari/bin/cgcc -O -DNDEBUG -I../../bhdrs -I../../ehdrs -I../../btr -I../../ihdrs -I../../atari   -c ../../bint1/i1nuc.c -o i1nuc.o
/ufs/frank/cross-gcc-atari/bin/cgcc -O -DNDEBUG -I../../bhdrs -I../../ehdrs -I../../btr -I../../ihdrs -I../../atari   -c ../../bint1/i1nug.c -o i1nug.o
/ufs/frank/cross-gcc-atari/bin/cgcc -O -DNDEBUG -I../../bhdrs -I../../ehdrs -I../../btr -I../../ihdrs -I../../atari   -c ../../bint1/i1nui.c -o i1nui.o
/ufs/frank/cross-gcc-atari/bin/cgcc -O -DNDEBUG -I../../bhdrs -I../../ehdrs -I../../btr -I../../ihdrs -I../../atari   -c ../../bint1/i1num.c -o i1num.o
/ufs/frank/cross-gcc-atari/bin/cgcc -O -DNDEBUG -I../../bhdrs -I../../ehdrs -I../../btr -I../../ihdrs -I../../atari   -c ../../bint1/i1nuq.c -o i1nuq.o
/ufs/frank/cross-gcc-atari/bin/cgcc -O -DNDEBUG -I../../bhdrs -I../../ehdrs -I../../btr -I../../ihdrs -I../../atari   -c ../../bint1/i1nur.c -o i1nur.o
/ufs/frank/cross-gcc-atari/bin/cgcc -O -DNDEBUG -I../../bhdrs -I../../ehdrs -I../../btr -I../../ihdrs -I../../atari   -c ../../bint1/i1nut.c -o i1nut.o
/ufs/frank/cross-gcc-atari/bin/cgcc -O -DNDEBUG -I../../bhdrs -I../../ehdrs -I../../btr -I../../ihdrs -I../../atari   -c ../../bint1/i1tra.c -o i1tra.o
/ufs/frank/cross-gcc-atari/bin/cgcc -O -DNDEBUG -I../../bhdrs -I../../ehdrs -I../../btr -I../../ihdrs -I../../atari   -c ../../bint2/i2ana.c -o i2ana.o
/ufs/frank/cross-gcc-atari/bin/cgcc -O -DNDEBUG -I../../bhdrs -I../../ehdrs -I../../btr -I../../ihdrs -I../../atari   -c ../../bint2/i2cmd.c -o i2cmd.o
/ufs/frank/cross-gcc-atari/bin/cgcc -O -DNDEBUG -I../../bhdrs -I../../ehdrs -I../../btr -I../../ihdrs -I../../atari   -c ../../bint2/i2dis.c -o i2dis.o
/ufs/frank/cross-gcc-atari/bin/cgcc -O -DNDEBUG -I../../bhdrs -I../../ehdrs -I../../btr -I../../ihdrs -I../../atari   -c ../../bint2/i2exp.c -o i2exp.o
/ufs/frank/cross-gcc-atari/bin/cgcc -O -DNDEBUG -I../../bhdrs -I../../ehdrs -I../../btr -I../../ihdrs -I../../atari   -c ../../bint2/i2fix.c -o i2fix.o
/ufs/frank/cross-gcc-atari/bin/cgcc -O -DNDEBUG -I../../bhdrs -I../../ehdrs -I../../btr -I../../ihdrs -I../../atari   -c ../../bint2/i2gen.c -o i2gen.o
/ufs/frank/cross-gcc-atari/bin/cgcc -O -DNDEBUG -I../../bhdrs -I../../ehdrs -I../../btr -I../../ihdrs -I../../atari   -c ../../bint2/i2syn.c -o i2syn.o
/ufs/frank/cross-gcc-atari/bin/cgcc -O -DNDEBUG -I../../bhdrs -I../../ehdrs -I../../btr -I../../ihdrs -I../../atari   -c ../../bint2/i2tar.c -o i2tar.o
/ufs/frank/cross-gcc-atari/bin/cgcc -O -DNDEBUG -I../../bhdrs -I../../ehdrs -I../../btr -I../../ihdrs -I../../atari   -c ../../bint2/i2tes.c -o i2tes.o
/ufs/frank/cross-gcc-atari/bin/cgcc -O -DNDEBUG -I../../bhdrs -I../../ehdrs -I../../btr -I../../ihdrs -I../../atari   -c ../../bint2/i2uni.c -o i2uni.o
/ufs/frank/cross-gcc-atari/bin/cgcc -O -DNDEBUG -I../../bhdrs -I../../ehdrs -I../../btr -I../../ihdrs -I../../atari   -c ../../bint3/i3bws.c -o i3bws.o
/ufs/frank/cross-gcc-atari/bin/cgcc -O -DNDEBUG -I../../bhdrs -I../../ehdrs -I../../btr -I../../ihdrs -I../../atari   -c ../../bint3/i3cen.c -o i3cen.o
/ufs/frank/cross-gcc-atari/bin/cgcc -O -DNDEBUG -I../../bhdrs -I../../ehdrs -I../../btr -I../../ihdrs -I../../atari   -c ../../bint3/i3com.c -o i3com.o
/ufs/frank/cross-gcc-atari/bin/cgcc -O -DNDEBUG -I../../bhdrs -I../../ehdrs -I../../btr -I../../ihdrs -I../../atari   -c ../../bint3/i3env.c -o i3env.o
/ufs/frank/cross-gcc-atari/bin/cgcc -O -DNDEBUG -I../../bhdrs -I../../ehdrs -I../../btr -I../../ihdrs -I../../atari   -c ../../bint3/i3err.c -o i3err.o
/ufs/frank/cross-gcc-atari/bin/cgcc -O -DNDEBUG -I../../bhdrs -I../../ehdrs -I../../btr -I../../ihdrs -I../../atari   -c ../../bint3/i3fil.c -o i3fil.o
/ufs/frank/cross-gcc-atari/bin/cgcc -O -DNDEBUG -I../../bhdrs -I../../ehdrs -I../../btr -I../../ihdrs -I../../atari   -c ../../bint3/i3fpr.c -o i3fpr.o
/ufs/frank/cross-gcc-atari/bin/cgcc -O -DNDEBUG -I../../bhdrs -I../../ehdrs -I../../btr -I../../ihdrs -I../../atari   -c ../../bint3/i3gfx.c -o i3gfx.o
/ufs/frank/cross-gcc-atari/bin/cgcc -O -DNDEBUG -I../../bhdrs -I../../ehdrs -I../../btr -I../../ihdrs -I../../atari   -c ../../bint3/i3imm.c -o i3imm.o
/ufs/frank/cross-gcc-atari/bin/cgcc -O -DNDEBUG -I../../bhdrs -I../../ehdrs -I../../btr -I../../ihdrs -I../../atari   -c ../../bint3/i3in2.c -o i3in2.o
/ufs/frank/cross-gcc-atari/bin/cgcc -O -DNDEBUG -I../../bhdrs -I../../ehdrs -I../../btr -I../../ihdrs -I../../atari   -c ../../bint3/i3ini.c -o i3ini.o
/ufs/frank/cross-gcc-atari/bin/cgcc -O -DNDEBUG -I../../bhdrs -I../../ehdrs -I../../btr -I../../ihdrs -I../../atari   -c ../../bint3/i3int.c -o i3int.o
/ufs/frank/cross-gcc-atari/bin/cgcc -O -DNDEBUG -I../../bhdrs -I../../ehdrs -I../../btr -I../../ihdrs -I../../atari   -c ../../bint3/i3loc.c -o i3loc.o
/ufs/frank/cross-gcc-atari/bin/cgcc -O -DNDEBUG -I../../bhdrs -I../../ehdrs -I../../btr -I../../ihdrs -I../../atari   -c ../../bint3/i3scr.c -o i3scr.o
/ufs/frank/cross-gcc-atari/bin/cgcc -O -DNDEBUG -I../../bhdrs -I../../ehdrs -I../../btr -I../../ihdrs -I../../atari   -c ../../bint3/i3sou.c -o i3sou.o
/ufs/frank/cross-gcc-atari/bin/cgcc -O -DNDEBUG -I../../bhdrs -I../../ehdrs -I../../btr -I../../ihdrs -I../../atari   -c ../../bint3/i3sta.c -o i3sta.o
/ufs/frank/cross-gcc-atari/bin/cgcc -O -DNDEBUG -I../../bhdrs -I../../ehdrs -I../../btr -I../../ihdrs -I../../atari   -c ../../bint3/i3typ.c -o i3typ.o
/ufs/frank/cross-gcc-atari/bin/cgcc -O -DNDEBUG -I../../bhdrs -I../../ehdrs -I../../btr -I../../ihdrs -I../../atari   -c ../../btr/e1etex.c -o e1etex.o
/ufs/frank/cross-gcc-atari/bin/cgcc -O -DNDEBUG -I../../bhdrs -I../../ehdrs -I../../btr -I../../ihdrs -I../../atari   -c ../../btr/i1btr.c -o i1btr.o
/ufs/frank/cross-gcc-atari/bin/cgcc -O -DNDEBUG -I../../bhdrs -I../../ehdrs -I../../btr -I../../ihdrs -I../../atari   -c ../../btr/i1lta.c -o i1lta.o
/ufs/frank/cross-gcc-atari/bin/cgcc -O -DNDEBUG -I../../bhdrs -I../../ehdrs -I../../btr -I../../ihdrs -I../../atari   -c ../../btr/i1obj.c -o i1obj.o
/ufs/frank/cross-gcc-atari/bin/cgcc -O -DNDEBUG -I../../bhdrs -I../../ehdrs -I../../btr -I../../ihdrs -I../../atari   -c ../../btr/i1tex.c -o i1tex.o
/ufs/frank/cross-gcc-atari/bin/cgcc -O -DNDEBUG -I../../bhdrs -I../../ehdrs -I../../btr -I../../ihdrs -I../../atari   -c ../../btr/i1tlt.c -o i1tlt.o
/ufs/frank/cross-gcc-atari/bin/cgcc -O -DNDEBUG -I../../bhdrs -I../../ehdrs -I../../btr -I../../ihdrs -I../../atari   -c ../../stc/i2tca.c -o i2tca.o
/ufs/frank/cross-gcc-atari/bin/cgcc -O -DNDEBUG -I../../bhdrs -I../../ehdrs -I../../btr -I../../ihdrs -I../../atari   -c ../../stc/i2tce.c -o i2tce.o
/ufs/frank/cross-gcc-atari/bin/cgcc -O -DNDEBUG -I../../bhdrs -I../../ehdrs -I../../btr -I../../ihdrs -I../../atari   -c ../../stc/i2tcp.c -o i2tcp.o
/ufs/frank/cross-gcc-atari/bin/cgcc -O -DNDEBUG -I../../bhdrs -I../../ehdrs -I../../btr -I../../ihdrs -I../../atari   -c ../../stc/i2tcu.c -o i2tcu.o
/ufs/frank/cross-gcc-atari/bin/cgcc -O -DNDEBUG -I../../bhdrs -I../../ehdrs -I../../btr -I../../ihdrs -I../../atari   -c ../../bio/i4bio.c -o i4bio.o
/ufs/frank/cross-gcc-atari/bin/cgcc -O -DNDEBUG -I../../bhdrs -I../../ehdrs -I../../btr -I../../ihdrs -I../../atari   -c ../../bio/i4fil.c -o i4fil.o
/ufs/frank/cross-gcc-atari/bin/cgcc -O -DNDEBUG -I../../bhdrs -I../../ehdrs -I../../btr -I../../ihdrs -I../../atari   -c ../../bio/i4grp.c -o i4grp.o
/ufs/frank/cross-gcc-atari/bin/cgcc -O -DNDEBUG -I../../bhdrs -I../../ehdrs -I../../btr -I../../ihdrs -I../../atari   -c ../../bio/i4inp.c -o i4inp.o
/ufs/frank/cross-gcc-atari/bin/cgcc -O -DNDEBUG -I../../bhdrs -I../../ehdrs -I../../btr -I../../ihdrs -I../../atari   -c ../../bio/i4lis.c -o i4lis.o
/ufs/frank/cross-gcc-atari/bin/cgcc -O -DNDEBUG -I../../bhdrs -I../../ehdrs -I../../btr -I../../ihdrs -I../../atari   -c ../../bio/i4out.c -o i4out.o
/ufs/frank/cross-gcc-atari/bin/cgcc -O -DNDEBUG -I../../bhdrs -I../../ehdrs -I../../btr -I../../ihdrs -I../../atari   -c ../../bio/i4pack.c -o i4pack.o
/ufs/frank/cross-gcc-atari/bin/cgcc -O -DNDEBUG -I../../bhdrs -I../../ehdrs -I../../btr -I../../ihdrs -I../../atari   -c ../../bio/i4rec.c -o i4rec.o
/ufs/frank/cross-gcc-atari/bin/cgcc -O -DNDEBUG -I../../bhdrs -I../../ehdrs -I../../btr -I../../ihdrs -I../../atari   -c ../../atari/dir.c -o dir.o
/ufs/frank/cross-gcc-atari/bin/cgcc -O -DNDEBUG -I../../bhdrs -I../../ehdrs -I../../btr -I../../ihdrs -I../../atari   -c ../../atari/edit.c -o edit.o
/ufs/frank/cross-gcc-atari/bin/cgcc -O -DNDEBUG -I../../bhdrs -I../../ehdrs -I../../btr -I../../ihdrs -I../../atari   -c ../../atari/file.c -o file.o
/ufs/frank/cross-gcc-atari/bin/cgcc -O -DNDEBUG -I../../bhdrs -I../../ehdrs -I../../btr -I../../ihdrs -I../../atari   -c ../../atari/keys.c -o keys.o
/ufs/frank/cross-gcc-atari/bin/cgcc -O -DNDEBUG -I../../bhdrs -I../../ehdrs -I../../btr -I../../ihdrs -I../../atari   -c ../../atari/main.c -o main.o
/ufs/frank/cross-gcc-atari/bin/cgcc -O -DNDEBUG -I../../bhdrs -I../../ehdrs -I../../btr -I../../ihdrs -I../../atari   -c ../../atari/os.c -o os.o
/ufs/frank/cross-gcc-atari/bin/cgcc -O -DNDEBUG -I../../bhdrs -I../../ehdrs -I../../btr -I../../ihdrs -I../../atari   -c ../../atari/sig.c -o sig.o
/ufs/frank/cross-gcc-atari/bin/cgcc -O -DNDEBUG -I../../bhdrs -I../../ehdrs -I../../btr -I../../ihdrs -I../../atari   -c ../../atari/trm.c -o trm.o
/ufs/frank/cross-gcc-atari/bin/cgcc -O -DNDEBUG -I../../bhdrs -I../../ehdrs -I../../btr -I../../ihdrs -I../../atari   -c ../../atari/usage.c -o usage.o
/ufs/frank/cross-gcc-atari/bin/cgcc -O -DNDEBUG -I../../bhdrs -I../../ehdrs -I../../btr -I../../ihdrs -I../../atari  b1file.o b1grab.o b1memo.o b1mess.o b1outp.o getopt.o e1cell.o e1code.o e1comm.o e1deco.o e1edit.o e1edoc.o e1erro.o e1eval.o e1getc.o e1goto.o e1gram.o e1help.o e1ins2.o e1inse.o e1lexi.o e1line.o e1move.o e1node.o e1outp.o e1que1.o e1que2.o e1save.o e1scrn.o e1spos.o e1sugg.o e1supr.o e1tabl.o e1wide.o i1com.o i1fun.o i1nua.o i1nuc.o i1nug.o i1nui.o i1num.o i1nuq.o i1nur.o i1nut.o i1tra.o i2ana.o i2cmd.o i2dis.o i2exp.o i2fix.o i2gen.o i2syn.o i2tar.o i2tes.o i2uni.o i3bws.o i3cen.o i3com.o i3env.o i3err.o i3fil.o i3fpr.o i3gfx.o i3imm.o i3in2.o i3ini.o i3int.o i3loc.o i3scr.o i3sou.o i3sta.o i3typ.o e1etex.o i1btr.o i1lta.o i1obj.o i1tex.o i1tlt.o i2tca.o i2tce.o i2tcp.o i2tcu.o i4bio.o i4fil.o i4grp.o i4inp.o i4lis.o i4out.o i4pack.o i4rec.o dir.o edit.o file.o keys.o main.o os.o sig.o trm.o usage.o  -lpml -lgem -o abc.tos
cd keys; \
/usr/local/gnu/make -f Makefile all
/ufs/frank/cross-gcc-atari/bin/cgcc -O -DNDEBUG -DKEYS -I../../../bhdrs -I../../../ehdrs -I../../../btr -I../../../ihdrs -I../../../atari -I../../../keys   -c ../../../keys/keydef.c -o keydef.o
/ufs/frank/cross-gcc-atari/bin/cgcc -O -DNDEBUG -DKEYS -I../../../bhdrs -I../../../ehdrs -I../../../btr -I../../../ihdrs -I../../../atari -I../../../keys   -c ../../../keys/keyhlp.c -o keyhlp.o
/ufs/frank/cross-gcc-atari/bin/cgcc -O -DNDEBUG -DKEYS -I../../../bhdrs -I../../../ehdrs -I../../../btr -I../../../ihdrs -I../../../atari -I../../../keys   -c ../../../bed/e1getc.c -o e1getc.o
/ufs/frank/cross-gcc-atari/bin/cgcc -O -DNDEBUG -DKEYS -I../../../bhdrs -I../../../ehdrs -I../../../btr -I../../../ihdrs -I../../../atari -I../../../keys   -c ../../../b/b1file.c -o b1file.o
/ufs/frank/cross-gcc-atari/bin/cgcc -O -DNDEBUG -DKEYS -I../../../bhdrs -I../../../ehdrs -I../../../btr -I../../../ihdrs -I../../../atari -I../../../keys   -c ../../../b/b1memo.c -o b1memo.o
/ufs/frank/cross-gcc-atari/bin/cgcc -O -DNDEBUG -DKEYS -I../../../bhdrs -I../../../ehdrs -I../../../btr -I../../../ihdrs -I../../../atari -I../../../keys   -c ../../../b/b1mess.c -o b1mess.o
/ufs/frank/cross-gcc-atari/bin/cgcc -O -DNDEBUG -DKEYS -I../../../bhdrs -I../../../ehdrs -I../../../btr -I../../../ihdrs -I../../../atari -I../../../keys   -c ../../../atari/file.c -o file.o
/ufs/frank/cross-gcc-atari/bin/cgcc -O -DNDEBUG -DKEYS -I../../../bhdrs -I../../../ehdrs -I../../../btr -I../../../ihdrs -I../../../atari -I../../../keys   -c ../../../atari/keys.c -o keys.o
/ufs/frank/cross-gcc-atari/bin/cgcc -O -DNDEBUG -DKEYS -I../../../bhdrs -I../../../ehdrs -I../../../btr -I../../../ihdrs -I../../../atari -I../../../keys   -c ../../../atari/trm.c -o trm.o
/ufs/frank/cross-gcc-atari/bin/cgcc -O -DNDEBUG -DKEYS -I../../../bhdrs -I../../../ehdrs -I../../../btr -I../../../ihdrs -I../../../atari -I../../../keys   -c ../../../atari/os.c -o os.o
/ufs/frank/cross-gcc-atari/bin/cgcc -O -DNDEBUG -DKEYS -I../../../bhdrs -I../../../ehdrs -I../../../btr -I../../../ihdrs -I../../../atari -I../../../keys  keydef.o keyhlp.o e1getc.o b1file.o b1memo.o b1mess.o file.o keys.o trm.o os.o -lpml -lgem -o abckeys.tos
make: `messages' is up to date.
rm -f *.o keys/*.o core
